<?xml version="1.0" encoding="UTF-8"?>
<testng-results ignored="0" total="1" passed="1" failed="0" skipped="0">
  <reporter-output>
  </reporter-output>
  <suite started-at="2023-11-13T12:24:50 IST" name="Default suite" finished-at="2023-11-13T12:24:50 IST" duration-ms="30">
    <groups>
    </groups>
    <test started-at="2023-11-13T12:24:50 IST" name="Default test" finished-at="2023-11-13T12:24:50 IST" duration-ms="30">
      <class name="com.banking_1.obsmaven_1.Test_1">
        <test-method signature="Sem()[pri:0, instance:com.banking_1.obsmaven_1.Test_1@63355449]" started-at="2023-11-13T12:24:50 IST" name="Sem" finished-at="2023-11-13T12:24:50 IST" duration-ms="4" status="PASS">
          <reporter-output>
          </reporter-output>
        </test-method> <!-- Sem -->
      </class> <!-- com.banking_1.obsmaven_1.Test_1 -->
    </test> <!-- Default test -->
  </suite> <!-- Default suite -->
</testng-results>
